# JRE version: Java(TM) SE Runtime Environment (13.0.2+8) (build 13.0.2+8)
# Java VM: Java HotSpot(TM) 64-Bit Server VM (13.0.2+8, mixed mode, sharing, tiered, compressed oops, g1 gc, windows-amd64)
Heap:
 garbage-first heap   total 63488K, used 23334K [0x00000000c2600000, 0x0000000100000000)
  region size 1024K, 22 young (22528K), 2 survivors (2048K)
 Metaspace       used 12139K, capacity 12854K, committed 13184K, reserved 1060864K
  class space    used 1551K, capacity 1823K, committed 1920K, reserved 1048576K
GC Heap History (6 events):
Event: 3.836 GC heap before
{Heap before GC invocations=0 (full 0):
 garbage-first heap   total 63488K, used 6144K [0x00000000c2600000, 0x0000000100000000)
  region size 1024K, 7 young (7168K), 0 survivors (0K)
 Metaspace       used 2580K, capacity 5266K, committed 5504K, reserved 1056768K
  class space    used 267K, capacity 524K, committed 640K, reserved 1048576K
}
Event: 3.852 GC heap after
{Heap after GC invocations=1 (full 0):
 garbage-first heap   total 63488K, used 2493K [0x00000000c2600000, 0x0000000100000000)
  region size 1024K, 1 young (1024K), 1 survivors (1024K)
 Metaspace       used 2580K, capacity 5266K, committed 5504K, reserved 1056768K
  class space    used 267K, capacity 524K, committed 640K, reserved 1048576K
}
Event: 4.307 GC heap before
{Heap before GC invocations=1 (full 0):
 garbage-first heap   total 63488K, used 5565K [0x00000000c2600000, 0x0000000100000000)
  region size 1024K, 4 young (4096K), 1 survivors (1024K)
 Metaspace       used 3245K, capacity 5791K, committed 6016K, reserved 1056768K
  class space    used 357K, capacity 639K, committed 640K, reserved 1048576K
}
Event: 4.312 GC heap after
{Heap after GC invocations=2 (full 0):
 garbage-first heap   total 63488K, used 2854K [0x00000000c2600000, 0x0000000100000000)
  region size 1024K, 1 young (1024K), 1 survivors (1024K)
 Metaspace       used 3245K, capacity 5791K, committed 6016K, reserved 1056768K
  class space    used 357K, capacity 639K, committed 640K, reserved 1048576K
}
Event: 6.123 GC heap before
{Heap before GC invocations=2 (full 0):
 garbage-first heap   total 63488K, used 14118K [0x00000000c2600000, 0x0000000100000000)
  region size 1024K, 12 young (12288K), 1 survivors (1024K)
 Metaspace       used 7146K, capacity 7922K, committed 8064K, reserved 1056768K
  class space    used 889K, capacity 1079K, committed 1152K, reserved 1048576K
}
Event: 6.129 GC heap after
{Heap after GC invocations=3 (full 0):
 garbage-first heap   total 63488K, used 3878K [0x00000000c2600000, 0x0000000100000000)
  region size 1024K, 2 young (2048K), 2 survivors (2048K)
 Metaspace       used 7146K, capacity 7922K, committed 8064K, reserved 1056768K
  class space    used 889K, capacity 1079K, committed 1152K, reserved 1048576K
}

